<?xml version="1.0" encoding="UTF-8"?>
<testng-results skipped="0" failed="0" total="2" passed="2">
  <reporter-output>
  </reporter-output>
  <suite name="Suite" duration-ms="5864" started-at="2017-11-25T11:09:10Z" finished-at="2017-11-25T11:09:16Z">
    <groups>
    </groups>
    <test name="Test" duration-ms="5864" started-at="2017-11-25T11:09:10Z" finished-at="2017-11-25T11:09:16Z">
      <class name="testng01.test001">
        <test-method status="PASS" signature="beforeMethod()[pri:0, instance:testng01.test001@2d554825]" name="beforeMethod" is-config="true" duration-ms="3846" started-at="2017-11-25T18:09:10Z" finished-at="2017-11-25T18:09:14Z">
          <reporter-output>
          </reporter-output>
        </test-method> <!-- beforeMethod -->
        <test-method status="PASS" signature="main()[pri:0, instance:testng01.test001@2d554825]" name="main" duration-ms="1428" started-at="2017-11-25T18:09:14Z" finished-at="2017-11-25T18:09:16Z">
          <reporter-output>
          </reporter-output>
        </test-method> <!-- main -->
        <test-method status="PASS" signature="afterMethod()[pri:0, instance:testng01.test001@2d554825]" name="afterMethod" is-config="true" duration-ms="561" started-at="2017-11-25T18:09:16Z" finished-at="2017-11-25T18:09:16Z">
          <reporter-output>
          </reporter-output>
        </test-method> <!-- afterMethod -->
      </class> <!-- testng01.test001 -->
      <class name="testmaven003.testmaven003.AppTest">
        <test-method status="PASS" signature="testApp()[pri:0, instance:testmaven003.testmaven003.AppTest@617c74e5]" name="testApp" duration-ms="10" started-at="2017-11-25T18:09:10Z" finished-at="2017-11-25T18:09:10Z">
          <reporter-output>
          </reporter-output>
        </test-method> <!-- testApp -->
      </class> <!-- testmaven003.testmaven003.AppTest -->
    </test> <!-- Test -->
  </suite> <!-- Suite -->
</testng-results>
